# JRE version: OpenJDK Runtime Environment Temurin-17.0.12+7 (17.0.12+7) (build 17.0.12+7)
# Java VM: OpenJDK 64-Bit Server VM Temurin-17.0.12+7 (17.0.12+7, mixed mode, tiered, compressed oops, compressed class ptrs, parallel gc, windows-amd64)
GC Precious Log:
 CPUs: 8 total, 8 available
 Memory: 16126M
 Large Page Support: Disabled
 NUMA Support: Disabled
 Compressed Oops: Enabled (32-bit)
 Alignments: Space 512K, Generation 512K, Heap 2M
 Heap Min Capacity: 100M
 Heap Initial Capacity: 100M
 Heap Max Capacity: 512M
 Pre-touch: Disabled
 Parallel Workers: 8
Heap:
 PSYoungGen      total 22528K, used 19824K [0x00000000f5580000, 0x00000000f7000000, 0x0000000100000000)
  eden space 22016K, 87% used [0x00000000f5580000,0x00000000f685c2e8,0x00000000f6b00000)
  from space 512K, 100% used [0x00000000f6f00000,0x00000000f6f80000,0x00000000f6f80000)
  to   space 512K, 0% used [0x00000000f6f80000,0x00000000f6f80000,0x00000000f7000000)
 ParOldGen       total 68608K, used 33734K [0x00000000e0000000, 0x00000000e4300000, 0x00000000f5580000)
  object space 68608K, 49% used [0x00000000e0000000,0x00000000e20f1b10,0x00000000e4300000)
 Metaspace       used 66621K, committed 67712K, reserved 1114112K
  class space    used 7744K, committed 8256K, reserved 1048576K
GC Heap History (20 events):
Event: 11.307 GC heap before
{Heap before GC invocations=25 (full 2):
 PSYoungGen      total 23040K, used 22603K [0x00000000f5580000, 0x00000000f7400000, 0x0000000100000000)
  eden space 22016K, 98% used [0x00000000f5580000,0x00000000f6a991a8,0x00000000f6b00000)
  from space 1024K, 97% used [0x00000000f7200000,0x00000000f72f9c00,0x00000000f7300000)
  to   space 4608K, 0% used [0x00000000f6b00000,0x00000000f6b00000,0x00000000f6f80000)
 ParOldGen       total 68608K, used 30708K [0x00000000e0000000, 0x00000000e4300000, 0x00000000f5580000)
  object space 68608K, 44% used [0x00000000e0000000,0x00000000e1dfd318,0x00000000e4300000)
 Metaspace       used 59256K, committed 60288K, reserved 1114112K
  class space    used 6849K, committed 7296K, reserved 1048576K
}
Event: 11.309 GC heap after
{Heap after GC invocations=25 (full 2):
 PSYoungGen      total 26624K, used 800K [0x00000000f5580000, 0x00000000f7280000, 0x0000000100000000)
  eden space 22016K, 0% used [0x00000000f5580000,0x00000000f5580000,0x00000000f6b00000)
  from space 4608K, 17% used [0x00000000f6b00000,0x00000000f6bc8000,0x00000000f6f80000)
  to   space 2048K, 0% used [0x00000000f7080000,0x00000000f7080000,0x00000000f7280000)
 ParOldGen       total 68608K, used 31709K [0x00000000e0000000, 0x00000000e4300000, 0x00000000f5580000)
  object space 68608K, 46% used [0x00000000e0000000,0x00000000e1ef7420,0x00000000e4300000)
 Metaspace       used 59256K, committed 60288K, reserved 1114112K
  class space    used 6849K, committed 7296K, reserved 1048576K
}
Event: 11.309 GC heap before
{Heap before GC invocations=26 (full 3):
 PSYoungGen      total 26624K, used 800K [0x00000000f5580000, 0x00000000f7280000, 0x0000000100000000)
  eden space 22016K, 0% used [0x00000000f5580000,0x00000000f5580000,0x00000000f6b00000)
  from space 4608K, 17% used [0x00000000f6b00000,0x00000000f6bc8000,0x00000000f6f80000)
  to   space 2048K, 0% used [0x00000000f7080000,0x00000000f7080000,0x00000000f7280000)
 ParOldGen       total 68608K, used 31709K [0x00000000e0000000, 0x00000000e4300000, 0x00000000f5580000)
  object space 68608K, 46% used [0x00000000e0000000,0x00000000e1ef7420,0x00000000e4300000)
 Metaspace       used 59256K, committed 60288K, reserved 1114112K
  class space    used 6849K, committed 7296K, reserved 1048576K
}
Event: 11.368 GC heap after
{Heap after GC invocations=26 (full 3):
 PSYoungGen      total 26624K, used 0K [0x00000000f5580000, 0x00000000f7280000, 0x0000000100000000)
  eden space 22016K, 0% used [0x00000000f5580000,0x00000000f5580000,0x00000000f6b00000)
  from space 4608K, 0% used [0x00000000f6b00000,0x00000000f6b00000,0x00000000f6f80000)
  to   space 2048K, 0% used [0x00000000f7080000,0x00000000f7080000,0x00000000f7280000)
 ParOldGen       total 68608K, used 30775K [0x00000000e0000000, 0x00000000e4300000, 0x00000000f5580000)
  object space 68608K, 44% used [0x00000000e0000000,0x00000000e1e0def0,0x00000000e4300000)
 Metaspace       used 59228K, committed 60288K, reserved 1114112K
  class space    used 6841K, committed 7296K, reserved 1048576K
}
Event: 12.325 GC heap before
{Heap before GC invocations=27 (full 3):
 PSYoungGen      total 26624K, used 22016K [0x00000000f5580000, 0x00000000f7280000, 0x0000000100000000)
  eden space 22016K, 100% used [0x00000000f5580000,0x00000000f6b00000,0x00000000f6b00000)
  from space 4608K, 0% used [0x00000000f6b00000,0x00000000f6b00000,0x00000000f6f80000)
  to   space 2048K, 0% used [0x00000000f7080000,0x00000000f7080000,0x00000000f7280000)
 ParOldGen       total 68608K, used 30775K [0x00000000e0000000, 0x00000000e4300000, 0x00000000f5580000)
  object space 68608K, 44% used [0x00000000e0000000,0x00000000e1e0def0,0x00000000e4300000)
 Metaspace       used 61775K, committed 62784K, reserved 1114112K
  class space    used 7222K, committed 7680K, reserved 1048576K
}
Event: 12.328 GC heap after
{Heap after GC invocations=27 (full 3):
 PSYoungGen      total 23040K, used 888K [0x00000000f5580000, 0x00000000f7180000, 0x0000000100000000)
  eden space 22016K, 0% used [0x00000000f5580000,0x00000000f5580000,0x00000000f6b00000)
  from space 1024K, 86% used [0x00000000f7080000,0x00000000f715e230,0x00000000f7180000)
  to   space 1536K, 0% used [0x00000000f6e80000,0x00000000f6e80000,0x00000000f7000000)
 ParOldGen       total 68608K, used 30783K [0x00000000e0000000, 0x00000000e4300000, 0x00000000f5580000)
  object space 68608K, 44% used [0x00000000e0000000,0x00000000e1e0fef0,0x00000000e4300000)
 Metaspace       used 61775K, committed 62784K, reserved 1114112K
  class space    used 7222K, committed 7680K, reserved 1048576K
}
Event: 13.013 GC heap before
{Heap before GC invocations=28 (full 3):
 PSYoungGen      total 23040K, used 22904K [0x00000000f5580000, 0x00000000f7180000, 0x0000000100000000)
  eden space 22016K, 100% used [0x00000000f5580000,0x00000000f6b00000,0x00000000f6b00000)
  from space 1024K, 86% used [0x00000000f7080000,0x00000000f715e230,0x00000000f7180000)
  to   space 1536K, 0% used [0x00000000f6e80000,0x00000000f6e80000,0x00000000f7000000)
 ParOldGen       total 68608K, used 30783K [0x00000000e0000000, 0x00000000e4300000, 0x00000000f5580000)
  object space 68608K, 44% used [0x00000000e0000000,0x00000000e1e0fef0,0x00000000e4300000)
 Metaspace       used 62443K, committed 63424K, reserved 1114112K
  class space    used 7316K, committed 7680K, reserved 1048576K
}
Event: 13.015 GC heap after
{Heap after GC invocations=28 (full 3):
 PSYoungGen      total 23552K, used 272K [0x00000000f5580000, 0x00000000f7100000, 0x0000000100000000)
  eden space 22016K, 0% used [0x00000000f5580000,0x00000000f5580000,0x00000000f6b00000)
  from space 1536K, 17% used [0x00000000f6e80000,0x00000000f6ec4010,0x00000000f7000000)
  to   space 1024K, 0% used [0x00000000f7000000,0x00000000f7000000,0x00000000f7100000)
 ParOldGen       total 68608K, used 31517K [0x00000000e0000000, 0x00000000e4300000, 0x00000000f5580000)
  object space 68608K, 45% used [0x00000000e0000000,0x00000000e1ec7558,0x00000000e4300000)
 Metaspace       used 62443K, committed 63424K, reserved 1114112K
  class space    used 7316K, committed 7680K, reserved 1048576K
}
Event: 24.462 GC heap before
{Heap before GC invocations=29 (full 3):
 PSYoungGen      total 23552K, used 22288K [0x00000000f5580000, 0x00000000f7100000, 0x0000000100000000)
  eden space 22016K, 100% used [0x00000000f5580000,0x00000000f6b00000,0x00000000f6b00000)
  from space 1536K, 17% used [0x00000000f6e80000,0x00000000f6ec4010,0x00000000f7000000)
  to   space 1024K, 0% used [0x00000000f7000000,0x00000000f7000000,0x00000000f7100000)
 ParOldGen       total 68608K, used 31517K [0x00000000e0000000, 0x00000000e4300000, 0x00000000f5580000)
  object space 68608K, 45% used [0x00000000e0000000,0x00000000e1ec7558,0x00000000e4300000)
 Metaspace       used 64110K, committed 65152K, reserved 1114112K
  class space    used 7539K, committed 8000K, reserved 1048576K
}
Event: 24.464 GC heap after
{Heap after GC invocations=29 (full 3):
 PSYoungGen      total 23040K, used 1015K [0x00000000f5580000, 0x00000000f7100000, 0x0000000100000000)
  eden space 22016K, 0% used [0x00000000f5580000,0x00000000f5580000,0x00000000f6b00000)
  from space 1024K, 99% used [0x00000000f7000000,0x00000000f70fdfc8,0x00000000f7100000)
  to   space 2048K, 0% used [0x00000000f6d00000,0x00000000f6d00000,0x00000000f6f00000)
 ParOldGen       total 68608K, used 32053K [0x00000000e0000000, 0x00000000e4300000, 0x00000000f5580000)
  object space 68608K, 46% used [0x00000000e0000000,0x00000000e1f4d588,0x00000000e4300000)
 Metaspace       used 64110K, committed 65152K, reserved 1114112K
  class space    used 7539K, committed 8000K, reserved 1048576K
}
Event: 26.131 GC heap before
{Heap before GC invocations=30 (full 3):
 PSYoungGen      total 23040K, used 23031K [0x00000000f5580000, 0x00000000f7100000, 0x0000000100000000)
  eden space 22016K, 100% used [0x00000000f5580000,0x00000000f6b00000,0x00000000f6b00000)
  from space 1024K, 99% used [0x00000000f7000000,0x00000000f70fdfc8,0x00000000f7100000)
  to   space 2048K, 0% used [0x00000000f6d00000,0x00000000f6d00000,0x00000000f6f00000)
 ParOldGen       total 68608K, used 32053K [0x00000000e0000000, 0x00000000e4300000, 0x00000000f5580000)
  object space 68608K, 46% used [0x00000000e0000000,0x00000000e1f4d588,0x00000000e4300000)
 Metaspace       used 64438K, committed 65472K, reserved 1114112K
  class space    used 7547K, committed 8000K, reserved 1048576K
}
Event: 26.134 GC heap after
{Heap after GC invocations=30 (full 3):
 PSYoungGen      total 24064K, used 256K [0x00000000f5580000, 0x00000000f7080000, 0x0000000100000000)
  eden space 22016K, 0% used [0x00000000f5580000,0x00000000f5580000,0x00000000f6b00000)
  from space 2048K, 12% used [0x00000000f6d00000,0x00000000f6d40000,0x00000000f6f00000)
  to   space 1024K, 0% used [0x00000000f6f80000,0x00000000f6f80000,0x00000000f7080000)
 ParOldGen       total 68608K, used 33054K [0x00000000e0000000, 0x00000000e4300000, 0x00000000f5580000)
  object space 68608K, 48% used [0x00000000e0000000,0x00000000e2047b10,0x00000000e4300000)
 Metaspace       used 64438K, committed 65472K, reserved 1114112K
  class space    used 7547K, committed 8000K, reserved 1048576K
}
Event: 26.847 GC heap before
{Heap before GC invocations=31 (full 3):
 PSYoungGen      total 24064K, used 22272K [0x00000000f5580000, 0x00000000f7080000, 0x0000000100000000)
  eden space 22016K, 100% used [0x00000000f5580000,0x00000000f6b00000,0x00000000f6b00000)
  from space 2048K, 12% used [0x00000000f6d00000,0x00000000f6d40000,0x00000000f6f00000)
  to   space 1024K, 0% used [0x00000000f6f80000,0x00000000f6f80000,0x00000000f7080000)
 ParOldGen       total 68608K, used 33054K [0x00000000e0000000, 0x00000000e4300000, 0x00000000f5580000)
  object space 68608K, 48% used [0x00000000e0000000,0x00000000e2047b10,0x00000000e4300000)
 Metaspace       used 64508K, committed 65536K, reserved 1114112K
  class space    used 7547K, committed 8000K, reserved 1048576K
}
Event: 26.848 GC heap after
{Heap after GC invocations=31 (full 3):
 PSYoungGen      total 22528K, used 160K [0x00000000f5580000, 0x00000000f7000000, 0x0000000100000000)
  eden space 22016K, 0% used [0x00000000f5580000,0x00000000f5580000,0x00000000f6b00000)
  from space 512K, 31% used [0x00000000f6f80000,0x00000000f6fa8000,0x00000000f7000000)
  to   space 512K, 0% used [0x00000000f6f00000,0x00000000f6f00000,0x00000000f6f80000)
 ParOldGen       total 68608K, used 33134K [0x00000000e0000000, 0x00000000e4300000, 0x00000000f5580000)
  object space 68608K, 48% used [0x00000000e0000000,0x00000000e205bb10,0x00000000e4300000)
 Metaspace       used 64508K, committed 65536K, reserved 1114112K
  class space    used 7547K, committed 8000K, reserved 1048576K
}
Event: 27.424 GC heap before
{Heap before GC invocations=32 (full 3):
 PSYoungGen      total 22528K, used 22176K [0x00000000f5580000, 0x00000000f7000000, 0x0000000100000000)
  eden space 22016K, 100% used [0x00000000f5580000,0x00000000f6b00000,0x00000000f6b00000)
  from space 512K, 31% used [0x00000000f6f80000,0x00000000f6fa8000,0x00000000f7000000)
  to   space 512K, 0% used [0x00000000f6f00000,0x00000000f6f00000,0x00000000f6f80000)
 ParOldGen       total 68608K, used 33134K [0x00000000e0000000, 0x00000000e4300000, 0x00000000f5580000)
  object space 68608K, 48% used [0x00000000e0000000,0x00000000e205bb10,0x00000000e4300000)
 Metaspace       used 64561K, committed 65600K, reserved 1114112K
  class space    used 7547K, committed 8000K, reserved 1048576K
}
Event: 27.425 GC heap after
{Heap after GC invocations=32 (full 3):
 PSYoungGen      total 22528K, used 224K [0x00000000f5580000, 0x00000000f7000000, 0x0000000100000000)
  eden space 22016K, 0% used [0x00000000f5580000,0x00000000f5580000,0x00000000f6b00000)
  from space 512K, 43% used [0x00000000f6f00000,0x00000000f6f38000,0x00000000f6f80000)
  to   space 512K, 0% used [0x00000000f6f80000,0x00000000f6f80000,0x00000000f7000000)
 ParOldGen       total 68608K, used 33206K [0x00000000e0000000, 0x00000000e4300000, 0x00000000f5580000)
  object space 68608K, 48% used [0x00000000e0000000,0x00000000e206db10,0x00000000e4300000)
 Metaspace       used 64561K, committed 65600K, reserved 1114112K
  class space    used 7547K, committed 8000K, reserved 1048576K
}
Event: 27.918 GC heap before
{Heap before GC invocations=33 (full 3):
 PSYoungGen      total 22528K, used 22240K [0x00000000f5580000, 0x00000000f7000000, 0x0000000100000000)
  eden space 22016K, 100% used [0x00000000f5580000,0x00000000f6b00000,0x00000000f6b00000)
  from space 512K, 43% used [0x00000000f6f00000,0x00000000f6f38000,0x00000000f6f80000)
  to   space 512K, 0% used [0x00000000f6f80000,0x00000000f6f80000,0x00000000f7000000)
 ParOldGen       total 68608K, used 33206K [0x00000000e0000000, 0x00000000e4300000, 0x00000000f5580000)
  object space 68608K, 48% used [0x00000000e0000000,0x00000000e206db10,0x00000000e4300000)
 Metaspace       used 64737K, committed 65792K, reserved 1114112K
  class space    used 7548K, committed 8000K, reserved 1048576K
}
Event: 27.919 GC heap after
{Heap after GC invocations=33 (full 3):
 PSYoungGen      total 22528K, used 224K [0x00000000f5580000, 0x00000000f7000000, 0x0000000100000000)
  eden space 22016K, 0% used [0x00000000f5580000,0x00000000f5580000,0x00000000f6b00000)
  from space 512K, 43% used [0x00000000f6f80000,0x00000000f6fb8000,0x00000000f7000000)
  to   space 512K, 0% used [0x00000000f6f00000,0x00000000f6f00000,0x00000000f6f80000)
 ParOldGen       total 68608K, used 33270K [0x00000000e0000000, 0x00000000e4300000, 0x00000000f5580000)
  object space 68608K, 48% used [0x00000000e0000000,0x00000000e207db10,0x00000000e4300000)
 Metaspace       used 64737K, committed 65792K, reserved 1114112K
  class space    used 7548K, committed 8000K, reserved 1048576K
}
Event: 82.513 GC heap before
{Heap before GC invocations=34 (full 3):
 PSYoungGen      total 22528K, used 22240K [0x00000000f5580000, 0x00000000f7000000, 0x0000000100000000)
  eden space 22016K, 100% used [0x00000000f5580000,0x00000000f6b00000,0x00000000f6b00000)
  from space 512K, 43% used [0x00000000f6f80000,0x00000000f6fb8000,0x00000000f7000000)
  to   space 512K, 0% used [0x00000000f6f00000,0x00000000f6f00000,0x00000000f6f80000)
 ParOldGen       total 68608K, used 33270K [0x00000000e0000000, 0x00000000e4300000, 0x00000000f5580000)
  object space 68608K, 48% used [0x00000000e0000000,0x00000000e207db10,0x00000000e4300000)
 Metaspace       used 66382K, committed 67520K, reserved 1114112K
  class space    used 7739K, committed 8256K, reserved 1048576K
}
Event: 82.515 GC heap after
{Heap after GC invocations=34 (full 3):
 PSYoungGen      total 22528K, used 512K [0x00000000f5580000, 0x00000000f7000000, 0x0000000100000000)
  eden space 22016K, 0% used [0x00000000f5580000,0x00000000f5580000,0x00000000f6b00000)
  from space 512K, 100% used [0x00000000f6f00000,0x00000000f6f80000,0x00000000f6f80000)
  to   space 512K, 0% used [0x00000000f6f80000,0x00000000f6f80000,0x00000000f7000000)
 ParOldGen       total 68608K, used 33734K [0x00000000e0000000, 0x00000000e4300000, 0x00000000f5580000)
  object space 68608K, 49% used [0x00000000e0000000,0x00000000e20f1b10,0x00000000e4300000)
 Metaspace       used 66382K, committed 67520K, reserved 1114112K
  class space    used 7739K, committed 8256K, reserved 1048576K
}

